#
# A fatal error has been detected by the Java Runtime Environment:
#
#  EXCEPTION_ACCESS_VIOLATION (0xc0000005) at pc=0x00000000779db8f0, pid=3396, tid=0x0000000000002d08
#
# JRE version: Java(TM) SE Runtime Environment (8.0_101-b13) (build 1.8.0_101-b13)
# Java VM: Java HotSpot(TM) 64-Bit Server VM (25.101-b13 mixed mode windows-amd64 compressed oops)
# Problematic frame:
# V  [jvm.dll+0x27b8f0]
#
# Failed to write core dump. Minidumps are not enabled by default on client versions of Windows
#
# If you would like to submit a bug report, please visit:
#   http://bugreport.java.com/bugreport/crash.jsp
#

---------------  T H R E A D  ---------------

Current thread (0x0000000019166000):  JavaThread "Thread-0" [_thread_in_vm, id=11528, stack(0x00000000196c0000,0x00000000197c0000)]

siginfo: ExceptionCode=0xc0000005, reading address 0x0000000000000029

Registers:
RAX=0x0000000000000000, RBX=0x0000000019166000, RCX=0x0000000000000029, RDX=0x0000000000000029
RSP=0x00000000197bee88, RBP=0x00000000197bef60, RSI=0x0000000000000029, RDI=0x00000000197beef8
R8 =0x0000000019166000, R9 =0x00007ff9ef2c5b40, R10=0x0000000003417f28, R11=0x000000007798b4a0
R12=0x0000000000000000, R13=0x00000000171d1b80, R14=0x00000000197bf1b8, R15=0x0000000019166000
RIP=0x00000000779db8f0, EFLAGS=0x0000000000010202

Top of Stack: (sp=0x00000000197bee88)
0x00000000197bee88:   00000000777ce7c3 00000000171d1b80
0x00000000197bee98:   00007ff9ef1d3030 3fe06d26cb355d28
0x00000000197beea8:   00007ffa1e7fc010 00000000191661f8
0x00000000197beeb8:   00000000777ce8a9 00000000197bef60
0x00000000197beec8:   0000000019110b80 0000000019166000
0x00000000197beed8:   0000000000000029 0000000019166000
0x00000000197beee8:   00000000778a06d4 0000000077d40088
0x00000000197beef8:   00007ff9ef1d28ea 0000000000000005
0x00000000197bef08:   00007ff9ef2c5b40 0000000019166000
0x00000000197bef18:   0000000000000000 00009a5f510450cb
0x00000000197bef28:   00007ff9ef1d3647 00000000197bf028
0x00000000197bef38:   00007ffa134a164d cccccccccccccccc
0x00000000197bef48:   00000000171d1b80 00000000d60f7788
0x00000000197bef58:   cccccccccccccccc cccccccccccccccc
0x00000000197bef68:   cccccccccccccccc cccccccccccccccc
0x00000000197bef78:   cccccccccccccccc cccccccccccccccc 

Instructions: (pc=0x00000000779db8f0)
0x00000000779db8d0:   41 0f b6 14 08 80 e2 c0 80 fa 80 75 02 ff c8 49
0x00000000779db8e0:   ff c0 4d 3b c1 7c e9 f3 c3 cc cc cc cc cc cc cc
0x00000000779db8f0:   0f b6 11 33 c0 84 d2 74 1c 0f 1f 80 00 00 00 00
0x00000000779db900:   80 e2 c0 80 fa 80 74 02 ff c0 0f b6 51 01 48 ff 


Register to memory mapping:

RAX=0x0000000000000000 is an unknown value
RBX=0x0000000019166000 is a thread
RCX=0x0000000000000029 is an unknown value
RDX=0x0000000000000029 is an unknown value
RSP=0x00000000197bee88 is pointing into the stack for thread: 0x0000000019166000
RBP=0x00000000197bef60 is pointing into the stack for thread: 0x0000000019166000
RSI=0x0000000000000029 is an unknown value
RDI=0x00000000197beef8 is pointing into the stack for thread: 0x0000000019166000
R8 =0x0000000019166000 is a thread
R9 =0x00007ff9ef2c5b40 is an unknown value
R10=0x0000000003417f28 is at code_begin+840 in an Interpreter codelet
method entry point (kind = native)  [0x0000000003417be0, 0x0000000003418540]  2400 bytes
R11=0x000000007798b4a0 is an unknown value
R12=0x0000000000000000 is an unknown value
R13={method} {0x00000000171d1b88} 'error' '()Ljava/lang/String;' in 'serverapp/DeviceLib'
R14=0x00000000197bf1b8 is pointing into the stack for thread: 0x0000000019166000
R15=0x0000000019166000 is a thread


Stack: [0x00000000196c0000,0x00000000197c0000],  sp=0x00000000197bee88,  free space=1019k
Native frames: (J=compiled Java code, j=interpreted, Vv=VM code, C=native code)
V  [jvm.dll+0x27b8f0]

Java frames: (J=compiled Java code, j=interpreted, Vv=VM code)
j  serverapp.DeviceLib.error()Ljava/lang/String;+0
j  serverapp.DeviceLib.callHardware(Ljava/lang/String;)Ljava/lang/String;+372
j  serverapp.Server.run()V+135
v  ~StubRoutines::call_stub

---------------  P R O C E S S  ---------------

Java Threads: ( => current thread )
  0x00000000016c0800 JavaThread "DestroyJavaVM" [_thread_blocked, id=11636, stack(0x0000000001500000,0x0000000001600000)]
=>0x0000000019166000 JavaThread "Thread-0" [_thread_in_vm, id=11528, stack(0x00000000196c0000,0x00000000197c0000)]
  0x00000000177ce000 JavaThread "Service Thread" daemon [_thread_blocked, id=9328, stack(0x00000000194c0000,0x00000000195c0000)]
  0x0000000017778000 JavaThread "C1 CompilerThread2" daemon [_thread_blocked, id=3824, stack(0x0000000018fc0000,0x00000000190c0000)]
  0x0000000017771000 JavaThread "C2 CompilerThread1" daemon [_thread_blocked, id=3904, stack(0x0000000018ec0000,0x0000000018fc0000)]
  0x000000001776e800 JavaThread "C2 CompilerThread0" daemon [_thread_blocked, id=2420, stack(0x0000000018dc0000,0x0000000018ec0000)]
  0x000000001776c000 JavaThread "Attach Listener" daemon [_thread_blocked, id=9404, stack(0x0000000018cc0000,0x0000000018dc0000)]
  0x000000001776a800 JavaThread "Signal Dispatcher" daemon [_thread_blocked, id=7824, stack(0x0000000018bc0000,0x0000000018cc0000)]
  0x00000000017ba800 JavaThread "Finalizer" daemon [_thread_blocked, id=8800, stack(0x00000000189c0000,0x0000000018ac0000)]
  0x00000000017af000 JavaThread "Reference Handler" daemon [_thread_blocked, id=1140, stack(0x00000000188c0000,0x00000000189c0000)]

Other Threads:
  0x0000000017737800 VMThread [stack: 0x00000000187c0000,0x00000000188c0000] [id=1876]
  0x0000000019110000 WatcherThread [stack: 0x00000000195c0000,0x00000000196c0000] [id=3372]

VM state:not at safepoint (normal execution)

VM Mutex/Monitor currently owned by a thread: None

Heap:
 PSYoungGen      total 38400K, used 2662K [0x00000000d5f00000, 0x00000000d8980000, 0x0000000100000000)
  eden space 33280K, 8% used [0x00000000d5f00000,0x00000000d6199b38,0x00000000d7f80000)
  from space 5120K, 0% used [0x00000000d8480000,0x00000000d8480000,0x00000000d8980000)
  to   space 5120K, 0% used [0x00000000d7f80000,0x00000000d7f80000,0x00000000d8480000)
 ParOldGen       total 87552K, used 0K [0x0000000081c00000, 0x0000000087180000, 0x00000000d5f00000)
  object space 87552K, 0% used [0x0000000081c00000,0x0000000081c00000,0x0000000087180000)
 Metaspace       used 2894K, capacity 4496K, committed 4864K, reserved 1056768K
  class space    used 317K, capacity 388K, committed 512K, reserved 1048576K

Card table byte_map: [0x0000000001b80000,0x0000000001f80000] byte_map_base: 0x0000000001772000

Marking Bits: (ParMarkBitMap*) 0x0000000077f7a6d0
 Begin Bits: [0x0000000012ab0000, 0x0000000014a40000)
 End Bits:   [0x0000000014a40000, 0x00000000169d0000)

Polling page: 0x0000000001080000

CodeCache: size=245760Kb used=1113Kb max_used=1113Kb free=244646Kb
 bounds [0x0000000003400000, 0x0000000003670000, 0x0000000012400000]
 total_blobs=272 nmethods=30 adapters=156
 compilation: enabled

Compilation events (10 events):
Event: 0.127 Thread 0x0000000017778000 nmethod 25 0x0000000003514050 code [0x00000000035141e0, 0x00000000035146e8]
Event: 0.127 Thread 0x0000000017771000 nmethod 24 0x0000000003516090 code [0x00000000035161e0, 0x0000000003516298]
Event: 0.131 Thread 0x0000000017778000   27       3       java.lang.String::indexOf (7 bytes)
Event: 0.131 Thread 0x0000000017778000 nmethod 27 0x0000000003513450 code [0x00000000035135c0, 0x00000000035137c8]
Event: 0.134 Thread 0x0000000017778000   28       3       java.lang.StringBuilder::append (8 bytes)
Event: 0.134 Thread 0x0000000017778000 nmethod 28 0x00000000035130d0 code [0x0000000003513240, 0x00000000035133c8]
Event: 0.140 Thread 0x0000000017778000   29       3       java.lang.System::getSecurityManager (4 bytes)
Event: 0.140 Thread 0x0000000017778000 nmethod 29 0x0000000003512dd0 code [0x0000000003512f20, 0x0000000003513050]
Event: 23.203 Thread 0x0000000017778000   30       3       java.lang.String::startsWith (72 bytes)
Event: 23.204 Thread 0x0000000017778000 nmethod 30 0x0000000003516390 code [0x0000000003516500, 0x0000000003516830]

GC Heap History (0 events):
No events

Deoptimization events (0 events):
No events

Internal exceptions (2 events):
Event: 0.061 Thread 0x00000000016c0800 Exception <a 'java/lang/NoSuchMethodError': Method sun.misc.Unsafe.defineClass(Ljava/lang/String;[BII)Ljava/lang/Class; name or signature does not match> (0x00000000d5f07cc0) thrown at [C:\re\workspace\8-2-build-windows-amd64-cygwin\jdk8u101\7261\hotspot\s«ÎWCoØ?
Event: 0.061 Thread 0x00000000016c0800 Exception <a 'java/lang/NoSuchMethodError': Method sun.misc.Unsafe.prefetchRead(Ljava/lang/Object;J)V name or signature does not match> (0x00000000d5f07fa8) thrown at [C:\re\workspace\8-2-build-windows-amd64-cygwin\jdk8u101\7261\hotspot\src\share\vm\prims\

Events (10 events):
Event: 23.202 loading class java/io/DataOutputStream
Event: 23.202 loading class java/io/DataOutput
Event: 23.202 loading class java/io/DataOutput done
Event: 23.202 loading class java/io/DataOutputStream done
Event: 23.203 loading class java/net/Socket$3
Event: 23.203 loading class java/net/Socket$3 done
Event: 23.203 loading class java/net/SocketOutputStream
Event: 23.203 loading class java/net/SocketOutputStream done
Event: 23.203 loading class utilities/constants
Event: 23.203 loading class utilities/constants done


Dynamic libraries:
0x00007ff6e9460000 - 0x00007ff6e9497000 	C:\Program Files\Java\jdk1.8.0_101\bin\java.exe
0x00007ffa222c0000 - 0x00007ffa22491000 	C:\WINDOWS\SYSTEM32\ntdll.dll
0x00007ffa20500000 - 0x00007ffa205ab000 	C:\WINDOWS\System32\KERNEL32.DLL
0x00007ffa1e7b0000 - 0x00007ffa1e9cd000 	C:\WINDOWS\System32\KERNELBASE.dll
0x00007ffa1fb80000 - 0x00007ffa1fc22000 	C:\WINDOWS\System32\ADVAPI32.dll
0x00007ffa207d0000 - 0x00007ffa2086e000 	C:\WINDOWS\System32\msvcrt.dll
0x00007ffa1fa80000 - 0x00007ffa1fad9000 	C:\WINDOWS\System32\sechost.dll
0x00007ffa21de0000 - 0x00007ffa21f01000 	C:\WINDOWS\System32\RPCRT4.dll
0x00007ffa205b0000 - 0x00007ffa20715000 	C:\WINDOWS\System32\USER32.dll
0x00007ffa1f150000 - 0x00007ffa1f16e000 	C:\WINDOWS\System32\win32u.dll
0x00007ffa1fb20000 - 0x00007ffa1fb54000 	C:\WINDOWS\System32\GDI32.dll
0x00007ffa1efc0000 - 0x00007ffa1f142000 	C:\WINDOWS\System32\gdi32full.dll
0x00007ffa131c0000 - 0x00007ffa1343a000 	C:\WINDOWS\WinSxS\amd64_microsoft.windows.common-controls_6595b64144ccf1df_6.0.14393.953_none_42151e83c686086b\COMCTL32.dll
0x00007ffa1fca0000 - 0x00007ffa1ff68000 	C:\WINDOWS\System32\combase.dll
0x00007ffa1eec0000 - 0x00007ffa1efb5000 	C:\WINDOWS\System32\ucrtbase.dll
0x00007ffa1edb0000 - 0x00007ffa1ee1a000 	C:\WINDOWS\System32\bcryptPrimitives.dll
0x00007ffa1fae0000 - 0x00007ffa1fb0e000 	C:\WINDOWS\System32\IMM32.DLL
0x0000000077680000 - 0x0000000077752000 	C:\Program Files\Java\jdk1.8.0_101\jre\bin\msvcr100.dll
0x0000000077760000 - 0x0000000077ffa000 	C:\Program Files\Java\jdk1.8.0_101\jre\bin\server\jvm.dll
0x00007ffa220b0000 - 0x00007ffa220b8000 	C:\WINDOWS\System32\PSAPI.DLL
0x00007ffa1c710000 - 0x00007ffa1c733000 	C:\WINDOWS\SYSTEM32\WINMM.dll
0x00007ffa0fa60000 - 0x00007ffa0fa6a000 	C:\WINDOWS\SYSTEM32\VERSION.dll
0x00007ffa0e9c0000 - 0x00007ffa0e9c9000 	C:\WINDOWS\SYSTEM32\WSOCK32.dll
0x00007ffa1fc30000 - 0x00007ffa1fc9a000 	C:\WINDOWS\System32\WS2_32.dll
0x00007ffa1c6b0000 - 0x00007ffa1c6db000 	C:\WINDOWS\SYSTEM32\WINMMBASE.dll
0x00007ffa1ed00000 - 0x00007ffa1ed42000 	C:\WINDOWS\System32\cfgmgr32.dll
0x0000000077670000 - 0x000000007767f000 	C:\Program Files\Java\jdk1.8.0_101\jre\bin\verify.dll
0x0000000077640000 - 0x0000000077669000 	C:\Program Files\Java\jdk1.8.0_101\jre\bin\java.dll
0x0000000077620000 - 0x0000000077636000 	C:\Program Files\Java\jdk1.8.0_101\jre\bin\zip.dll
0x00007ffa208d0000 - 0x00007ffa21dd9000 	C:\WINDOWS\System32\SHELL32.dll
0x00007ffa1f170000 - 0x00007ffa1f84a000 	C:\WINDOWS\System32\windows.storage.dll
0x00007ffa1e760000 - 0x00007ffa1e7ac000 	C:\WINDOWS\System32\powrprof.dll
0x00007ffa1fa20000 - 0x00007ffa1fa72000 	C:\WINDOWS\System32\shlwapi.dll
0x00007ffa1e750000 - 0x00007ffa1e75f000 	C:\WINDOWS\System32\kernel.appcore.dll
0x00007ffa1ec50000 - 0x00007ffa1ecf9000 	C:\WINDOWS\System32\shcore.dll
0x00007ffa1e720000 - 0x00007ffa1e734000 	C:\WINDOWS\System32\profapi.dll
0x00007ffa13490000 - 0x00007ffa134b5000 	G:\Documentos\FCT\5oAno\2oSemestre\IS\MeuAno\Trab1_39393_40581_41038\39393_40581_41038_DllProjects_To_Integrate_With_Teachers_Projects\IS_trab1\trab1\ServerApp\dist\Trab1FinalDllProject.dll
0x00007ffa083e0000 - 0x00007ffa08402000 	C:\WINDOWS\SYSTEM32\VCRUNTIME140D.dll
0x00007ff9ef170000 - 0x00007ff9ef32b000 	C:\WINDOWS\SYSTEM32\ucrtbased.dll
0x0000000077600000 - 0x000000007761a000 	C:\Program Files\Java\jdk1.8.0_101\jre\bin\net.dll
0x00007ffa1e050000 - 0x00007ffa1e0ac000 	C:\WINDOWS\system32\mswsock.dll
0x00007ffa0a5b0000 - 0x00007ffa0a742000 	C:\WINDOWS\SYSTEM32\dbghelp.dll

VM Arguments:
jvm_args: -Dfile.encoding=UTF-8 -Djava.library.path=G:\Documentos\FCT\5oAno\2oSemestre\IS\MeuAno\Trab1_39393_40581_41038\39393_40581_41038_DllProjects_To_Integrate_With_Teachers_Projects\IS_trab1\trab1\ServerApp\dist 
java_command: serverapp.ServerApp
java_class_path (initial): G:\Documentos\FCT\5oAno\2oSemestre\IS\MeuAno\Trab1_39393_40581_41038\39393_40581_41038_DllProjects_To_Integrate_With_Teachers_Projects\IS_trab1\trab1\ServerApp\build\classes
Launcher Type: SUN_STANDARD

Environment Variables:
CLASSPATH=C:\jade\lib\jade.jar;.
PATH=C:\Program Files\Python35\Scripts\;C:\Program Files\Python35\;C:\ProgramData\Oracle\Java\javapath;C:\WINDOWS\system32;C:\WINDOWS;C:\WINDOWS\System32\Wbem;C:\WINDOWS\System32\WindowsPowerShell\v1.0\;C:\Program Files (x86)\Skype\Phone\;C:\Program Files (x86)\NVIDIA Corporation\PhysX\Common;C:\WINDOWS\system32;C:\WINDOWS;C:\WINDOWS\System32\Wbem;C:\WINDOWS\System32\WindowsPowerShell\v1.0\;C:\WINDOWS\system32\config\systemprofile\.dnx\bin;C:\Program Files\Microsoft DNX\Dnvm\;C:\Program Files\Microsoft SQL Server\120\Tools\Binn\;C:\Program Files\Microsoft SQL Server\130\Tools\Binn\;C:\Program Files (x86)\Windows Kits\8.1\Windows Performance Toolkit\;C:\Program Files\MiKTeX 2.9\miktex\bin\x64\;G:\Programas\MikTex\miktex\bin\x64\;G:\Programas\Matlab\runtime\win64;G:\Programas\Matlab\bin;C:\Users\dmrgo\.dnx\bin;C:\Users\dmrgo\AppData\Local\atom\bin;C:\Users\dmrgo\AppData\Local\Microsoft\WindowsApps;C:\Program Files\MongoDB\Server\3.2\bin\;C:\Users\dmrgo\Desktop\putty.exe;C:\Program Files\Java\jdk1.8.0_101\bin;G:\Programas\Nmap
USERNAME=dmrg
OS=Windows_NT
PROCESSOR_IDENTIFIER=Intel64 Family 6 Model 69 Stepping 1, GenuineIntel



---------------  S Y S T E M  ---------------

OS: Windows 10.0 , 64 bit Build 14393 (10.0.14393.0)

CPU:total 4 (2 cores per cpu, 2 threads per core) family 6 model 69 stepping 1, cmov, cx8, fxsr, mmx, sse, sse2, sse3, ssse3, sse4.1, sse4.2, popcnt, avx, avx2, aes, clmul, erms, lzcnt, ht, tsc, tscinvbit, bmi1, bmi2

Memory: 4k page, physical 8269284k(4039996k free), swap 9580004k(4333236k free)

vm_info: Java HotSpot(TM) 64-Bit Server VM (25.101-b13) for windows-amd64 JRE (1.8.0_101-b13), built on Jun 22 2016 01:21:29 by "java_re" with MS VC++ 10.0 (VS2010)

time: Tue Mar 28 14:25:33 2017
elapsed time: 23 seconds (0d 0h 0m 23s)

