#
# A fatal error has been detected by the Java Runtime Environment:
#
#  EXCEPTION_ACCESS_VIOLATION (0xc0000005) at pc=0x00007ffa083f8268, pid=11936, tid=0x0000000000000594
#
# JRE version: Java(TM) SE Runtime Environment (8.0_101-b13) (build 1.8.0_101-b13)
# Java VM: Java HotSpot(TM) 64-Bit Server VM (25.101-b13 mixed mode windows-amd64 compressed oops)
# Problematic frame:
# C  [Trab1FinalDllProject.dll+0x18268]  Java_serverapp_DeviceLib_energyProduction+0x68
#
# Failed to write core dump. Minidumps are not enabled by default on client versions of Windows
#
# If you would like to submit a bug report, please visit:
#   http://bugreport.java.com/bugreport/crash.jsp
# The crash happened outside the Java Virtual Machine in native code.
# See problematic frame for where to report the bug.
#

---------------  T H R E A D  ---------------

Current thread (0x0000000018dca000):  JavaThread "Thread-0" [_thread_in_native, id=1428, stack(0x0000000019320000,0x0000000019420000)]

siginfo: ExceptionCode=0xc0000005, writing address 0x00007ffb1278662c

Registers:
RAX=0x00000000428e0001, RBX=0x0000000016e219b8, RCX=0x00007ffa08406628, RDX=0x0000000000000000
RSP=0x000000001941ef50, RBP=0x000000001941ef80, RSI=0x00000000d61337e0, RDI=0x000000001941f048
R8 =0x00007ff9e8b75b38, R9 =0x00007ff9e8b75b40, R10=0x0000000003417f28, R11=0x000000007798b4a0
R12=0x0000000000000000, R13=0x0000000016e219b8, R14=0x000000001941f0d8, R15=0x0000000018dca000
RIP=0x00007ffa083f8268, EFLAGS=0x0000000000010203

Top of Stack: (sp=0x000000001941ef50)
0x000000001941ef50:   cccccccccccccccc cccccccccccccccc
0x000000001941ef60:   cccccccccccccccc cccccccccccccccc
0x000000001941ef70:   cccccccccccccccc cccccccccccccccc
0x000000001941ef80:   cccccccccccccccc cccccccccccccccc
0x000000001941ef90:   cccccccccccccccc cccccccccccccccc
0x000000001941efa0:   cccccccccccccccc cccccccccccccccc
0x000000001941efb0:   cccccccccccccccc cccccccccccccccc
0x000000001941efc0:   cccccccccccccccc cccccccccccccccc
0x000000001941efd0:   cccccccccccccccc cccccccccccccccc
0x000000001941efe0:   cccccccccccccccc cccccccccccccccc
0x000000001941eff0:   cccccccccccccccc cccccccccccccccc
0x000000001941f000:   cccccccccccccccc cccccccccccccccc
0x000000001941f010:   cccccccccccccccc cccccccccccccccc
0x000000001941f020:   cccccccccccccccc cccccccccccccccc
0x000000001941f030:   cccccccccccccccc cccccccccccccccc
0x000000001941f040:   cccccccccccccccc 0000000016c36068 

Instructions: (pc=0x00007ffa083f8268)
0x00007ffa083f8248:   00 0f 2f 05 90 86 00 00 77 dd 48 63 05 f7 e3 00
0x00007ffa083f8258:   00 48 8d 0d c8 e3 00 00 f3 0f 10 05 bc e3 00 00
0x00007ffa083f8268:   f3 0f 11 04 81 8b 05 dd e3 00 00 ff c0 89 05 d5
0x00007ffa083f8278:   e3 00 00 f3 0f 10 05 a1 e3 00 00 48 8d a5 c8 00 


Register to memory mapping:

RAX=0x00000000428e0001 is an unknown value
RBX={method} {0x0000000016e219c0} 'energyProduction' '()F' in 'serverapp/DeviceLib'
RCX=0x00007ffa08406628 is an unknown value
RDX=0x0000000000000000 is an unknown value
RSP=0x000000001941ef50 is pointing into the stack for thread: 0x0000000018dca000
RBP=0x000000001941ef80 is pointing into the stack for thread: 0x0000000018dca000
RSI=0x00000000d61337e0 is an oop
[C 
 - klass: {type array char}
 - length: 5
RDI=0x000000001941f048 is pointing into the stack for thread: 0x0000000018dca000
R8 =0x00007ff9e8b75b38 is an unknown value
R9 =0x00007ff9e8b75b40 is an unknown value
R10=0x0000000003417f28 is at code_begin+840 in an Interpreter codelet
method entry point (kind = native)  [0x0000000003417be0, 0x0000000003418540]  2400 bytes
R11=0x000000007798b4a0 is an unknown value
R12=0x0000000000000000 is an unknown value
R13={method} {0x0000000016e219c0} 'energyProduction' '()F' in 'serverapp/DeviceLib'
R14=0x000000001941f0d8 is pointing into the stack for thread: 0x0000000018dca000
R15=0x0000000018dca000 is a thread


Stack: [0x0000000019320000,0x0000000019420000],  sp=0x000000001941ef50,  free space=1019k
Native frames: (J=compiled Java code, j=interpreted, Vv=VM code, C=native code)
C  [Trab1FinalDllProject.dll+0x18268]  Java_serverapp_DeviceLib_energyProduction+0x68
C  0x0000000003417f54

Java frames: (J=compiled Java code, j=interpreted, Vv=VM code)
j  serverapp.DeviceLib.energyProduction()F+0
j  serverapp.DeviceLib.callHardware(Ljava/lang/String;)Ljava/lang/String;+343
j  serverapp.Server.run()V+135
v  ~StubRoutines::call_stub

---------------  P R O C E S S  ---------------

Java Threads: ( => current thread )
  0x0000000001300800 JavaThread "DestroyJavaVM" [_thread_blocked, id=5772, stack(0x0000000001200000,0x0000000001300000)]
=>0x0000000018dca000 JavaThread "Thread-0" [_thread_in_native, id=1428, stack(0x0000000019320000,0x0000000019420000)]
  0x0000000018d54000 JavaThread "Service Thread" daemon [_thread_blocked, id=7652, stack(0x0000000019120000,0x0000000019220000)]
  0x00000000173d0000 JavaThread "C1 CompilerThread2" daemon [_thread_blocked, id=2356, stack(0x0000000018c20000,0x0000000018d20000)]
  0x00000000173c0000 JavaThread "C2 CompilerThread1" daemon [_thread_blocked, id=11236, stack(0x0000000018b20000,0x0000000018c20000)]
  0x00000000173bd800 JavaThread "C2 CompilerThread0" daemon [_thread_blocked, id=7612, stack(0x0000000018a20000,0x0000000018b20000)]
  0x00000000173bb000 JavaThread "Attach Listener" daemon [_thread_blocked, id=6640, stack(0x0000000018920000,0x0000000018a20000)]
  0x00000000173b9800 JavaThread "Signal Dispatcher" daemon [_thread_blocked, id=4652, stack(0x0000000018820000,0x0000000018920000)]
  0x00000000013fa000 JavaThread "Finalizer" daemon [_thread_blocked, id=7504, stack(0x0000000018620000,0x0000000018720000)]
  0x00000000013ef000 JavaThread "Reference Handler" daemon [_thread_blocked, id=8592, stack(0x0000000018520000,0x0000000018620000)]

Other Threads:
  0x0000000017387800 VMThread [stack: 0x0000000018420000,0x0000000018520000] [id=4452]
  0x0000000018d71800 WatcherThread [stack: 0x0000000019220000,0x0000000019320000] [id=4768]

VM state:not at safepoint (normal execution)

VM Mutex/Monitor currently owned by a thread: None

Heap:
 PSYoungGen      total 38400K, used 2662K [0x00000000d5f00000, 0x00000000d8980000, 0x0000000100000000)
  eden space 33280K, 8% used [0x00000000d5f00000,0x00000000d6199b38,0x00000000d7f80000)
  from space 5120K, 0% used [0x00000000d8480000,0x00000000d8480000,0x00000000d8980000)
  to   space 5120K, 0% used [0x00000000d7f80000,0x00000000d7f80000,0x00000000d8480000)
 ParOldGen       total 87552K, used 0K [0x0000000081c00000, 0x0000000087180000, 0x00000000d5f00000)
  object space 87552K, 0% used [0x0000000081c00000,0x0000000081c00000,0x0000000087180000)
 Metaspace       used 2936K, capacity 4496K, committed 4864K, reserved 1056768K
  class space    used 318K, capacity 388K, committed 512K, reserved 1048576K

Card table byte_map: [0x00000000017c0000,0x0000000001bc0000] byte_map_base: 0x00000000013b2000

Marking Bits: (ParMarkBitMap*) 0x0000000077f7a6d0
 Begin Bits: [0x0000000012700000, 0x0000000014690000)
 End Bits:   [0x0000000014690000, 0x0000000016620000)

Polling page: 0x0000000000bb0000

CodeCache: size=245760Kb used=1211Kb max_used=1211Kb free=244548Kb
 bounds [0x0000000003400000, 0x0000000003670000, 0x0000000012400000]
 total_blobs=327 nmethods=81 adapters=160
 compilation: enabled

Compilation events (10 events):
Event: 24.996 Thread 0x00000000173d0000   77       3       sun.misc.FDBigInteger::trimLeadingZeros (57 bytes)
Event: 24.996 Thread 0x00000000173d0000 nmethod 77 0x000000000352cf90 code [0x000000000352d100, 0x000000000352d430]
Event: 24.996 Thread 0x00000000173d0000   78   !   3       java.net.AbstractPlainSocketImpl::acquireFD (29 bytes)
Event: 24.997 Thread 0x00000000173d0000 nmethod 78 0x000000000352d550 code [0x000000000352d6a0, 0x000000000352d990]
Event: 26.012 Thread 0x00000000173d0000   79   !   3       java.net.AbstractPlainSocketImpl::releaseFD (74 bytes)
Event: 26.012 Thread 0x00000000173d0000 nmethod 79 0x000000000352da50 code [0x000000000352dbe0, 0x000000000352e1e8]
Event: 26.012 Thread 0x00000000173d0000   80       3       java.net.Socket::isConnected (20 bytes)
Event: 26.013 Thread 0x00000000173d0000 nmethod 80 0x000000000352e390 code [0x000000000352e4e0, 0x000000000352e6d0]
Event: 27.837 Thread 0x00000000173d0000   81       3       java.lang.Integer::getChars (131 bytes)
Event: 27.837 Thread 0x00000000173d0000 nmethod 81 0x000000000352e750 code [0x000000000352e8e0, 0x000000000352ed50]

GC Heap History (0 events):
No events

Deoptimization events (0 events):
No events

Internal exceptions (2 events):
Event: 0.052 Thread 0x0000000001300800 Exception <a 'java/lang/NoSuchMethodError': Method sun.misc.Unsafe.defineClass(Ljava/lang/String;[BII)Ljava/lang/Class; name or signature does not match> (0x00000000d5f07cc0) thrown at [C:\re\workspace\8-2-build-windows-amd64-cygwin\jdk8u101\7261\hotspot\s7eÐ	¬ª?
Event: 0.052 Thread 0x0000000001300800 Exception <a 'java/lang/NoSuchMethodError': Method sun.misc.Unsafe.prefetchRead(Ljava/lang/Object;J)V name or signature does not match> (0x00000000d5f07fa8) thrown at [C:\re\workspace\8-2-build-windows-amd64-cygwin\jdk8u101\7261\hotspot\src\share\vm\prims\

Events (10 events):
Event: 12.655 loading class java/net/Socket$3
Event: 12.655 loading class java/net/Socket$3 done
Event: 12.655 loading class java/net/SocketOutputStream
Event: 12.655 loading class java/net/SocketOutputStream done
Event: 12.655 loading class utilities/constants
Event: 12.655 loading class utilities/constants done
Event: 12.656 loading class sun/net/ResourceManager
Event: 12.656 loading class sun/net/ResourceManager done
Event: 24.994 loading class sun/misc/FDBigInteger
Event: 24.994 loading class sun/misc/FDBigInteger done


Dynamic libraries:
0x00007ff6e9460000 - 0x00007ff6e9497000 	C:\Program Files\Java\jdk1.8.0_101\bin\java.exe
0x00007ffa222c0000 - 0x00007ffa22491000 	C:\WINDOWS\SYSTEM32\ntdll.dll
0x00007ffa20500000 - 0x00007ffa205ab000 	C:\WINDOWS\System32\KERNEL32.DLL
0x00007ffa1e7b0000 - 0x00007ffa1e9cd000 	C:\WINDOWS\System32\KERNELBASE.dll
0x00007ffa1fb80000 - 0x00007ffa1fc22000 	C:\WINDOWS\System32\ADVAPI32.dll
0x00007ffa207d0000 - 0x00007ffa2086e000 	C:\WINDOWS\System32\msvcrt.dll
0x00007ffa1fa80000 - 0x00007ffa1fad9000 	C:\WINDOWS\System32\sechost.dll
0x00007ffa21de0000 - 0x00007ffa21f01000 	C:\WINDOWS\System32\RPCRT4.dll
0x00007ffa205b0000 - 0x00007ffa20715000 	C:\WINDOWS\System32\USER32.dll
0x00007ffa1f150000 - 0x00007ffa1f16e000 	C:\WINDOWS\System32\win32u.dll
0x00007ffa1fb20000 - 0x00007ffa1fb54000 	C:\WINDOWS\System32\GDI32.dll
0x00007ffa1efc0000 - 0x00007ffa1f142000 	C:\WINDOWS\System32\gdi32full.dll
0x00007ffa131c0000 - 0x00007ffa1343a000 	C:\WINDOWS\WinSxS\amd64_microsoft.windows.common-controls_6595b64144ccf1df_6.0.14393.953_none_42151e83c686086b\COMCTL32.dll
0x00007ffa1fca0000 - 0x00007ffa1ff68000 	C:\WINDOWS\System32\combase.dll
0x00007ffa1eec0000 - 0x00007ffa1efb5000 	C:\WINDOWS\System32\ucrtbase.dll
0x00007ffa1edb0000 - 0x00007ffa1ee1a000 	C:\WINDOWS\System32\bcryptPrimitives.dll
0x00007ffa1fae0000 - 0x00007ffa1fb0e000 	C:\WINDOWS\System32\IMM32.DLL
0x0000000077680000 - 0x0000000077752000 	C:\Program Files\Java\jdk1.8.0_101\jre\bin\msvcr100.dll
0x0000000077760000 - 0x0000000077ffa000 	C:\Program Files\Java\jdk1.8.0_101\jre\bin\server\jvm.dll
0x00007ffa220b0000 - 0x00007ffa220b8000 	C:\WINDOWS\System32\PSAPI.DLL
0x00007ffa0e9c0000 - 0x00007ffa0e9c9000 	C:\WINDOWS\SYSTEM32\WSOCK32.dll
0x00007ffa1c710000 - 0x00007ffa1c733000 	C:\WINDOWS\SYSTEM32\WINMM.dll
0x00007ffa0fa60000 - 0x00007ffa0fa6a000 	C:\WINDOWS\SYSTEM32\VERSION.dll
0x00007ffa1c6b0000 - 0x00007ffa1c6db000 	C:\WINDOWS\SYSTEM32\WINMMBASE.dll
0x00007ffa1fc30000 - 0x00007ffa1fc9a000 	C:\WINDOWS\System32\WS2_32.dll
0x00007ffa1ed00000 - 0x00007ffa1ed42000 	C:\WINDOWS\System32\cfgmgr32.dll
0x0000000077670000 - 0x000000007767f000 	C:\Program Files\Java\jdk1.8.0_101\jre\bin\verify.dll
0x0000000077640000 - 0x0000000077669000 	C:\Program Files\Java\jdk1.8.0_101\jre\bin\java.dll
0x0000000077620000 - 0x0000000077636000 	C:\Program Files\Java\jdk1.8.0_101\jre\bin\zip.dll
0x00007ffa208d0000 - 0x00007ffa21dd9000 	C:\WINDOWS\System32\SHELL32.dll
0x00007ffa1f170000 - 0x00007ffa1f84a000 	C:\WINDOWS\System32\windows.storage.dll
0x00007ffa1e760000 - 0x00007ffa1e7ac000 	C:\WINDOWS\System32\powrprof.dll
0x00007ffa1fa20000 - 0x00007ffa1fa72000 	C:\WINDOWS\System32\shlwapi.dll
0x00007ffa1e750000 - 0x00007ffa1e75f000 	C:\WINDOWS\System32\kernel.appcore.dll
0x00007ffa1ec50000 - 0x00007ffa1ecf9000 	C:\WINDOWS\System32\shcore.dll
0x00007ffa1e720000 - 0x00007ffa1e734000 	C:\WINDOWS\System32\profapi.dll
0x00007ffa083e0000 - 0x00007ffa08410000 	G:\Documentos\FCT\5oAno\2oSemestre\IS\MeuAno\Trab1_39393_40581_41038\39393_40581_41038_DllProjects_To_Integrate_With_Teachers_Projects\IS_trab1\trab1\ServerApp\dist\Trab1FinalDllProject.dll
0x00007ff9f4540000 - 0x00007ff9f4636000 	C:\WINDOWS\SYSTEM32\MSVCP140D.dll
0x00007ffa05c70000 - 0x00007ffa05c92000 	C:\WINDOWS\SYSTEM32\VCRUNTIME140D.dll
0x00007ff9e8a20000 - 0x00007ff9e8bdb000 	C:\WINDOWS\SYSTEM32\ucrtbased.dll
0x0000000077600000 - 0x000000007761a000 	C:\Program Files\Java\jdk1.8.0_101\jre\bin\net.dll
0x00007ffa1e050000 - 0x00007ffa1e0ac000 	C:\WINDOWS\system32\mswsock.dll
0x00007ffa0a5b0000 - 0x00007ffa0a742000 	C:\WINDOWS\SYSTEM32\dbghelp.dll

VM Arguments:
jvm_args: -Dfile.encoding=UTF-8 -Djava.library.path=G:\Documentos\FCT\5oAno\2oSemestre\IS\MeuAno\Trab1_39393_40581_41038\39393_40581_41038_DllProjects_To_Integrate_With_Teachers_Projects\IS_trab1\trab1\ServerApp\dist 
java_command: serverapp.ServerApp
java_class_path (initial): G:\Documentos\FCT\5oAno\2oSemestre\IS\MeuAno\Trab1_39393_40581_41038\39393_40581_41038_DllProjects_To_Integrate_With_Teachers_Projects\IS_trab1\trab1\ServerApp\build\classes
Launcher Type: SUN_STANDARD

Environment Variables:
CLASSPATH=C:\jade\lib\jade.jar;.
PATH=C:\Program Files\Python35\Scripts\;C:\Program Files\Python35\;C:\ProgramData\Oracle\Java\javapath;C:\WINDOWS\system32;C:\WINDOWS;C:\WINDOWS\System32\Wbem;C:\WINDOWS\System32\WindowsPowerShell\v1.0\;C:\Program Files (x86)\Skype\Phone\;C:\Program Files (x86)\NVIDIA Corporation\PhysX\Common;C:\WINDOWS\system32;C:\WINDOWS;C:\WINDOWS\System32\Wbem;C:\WINDOWS\System32\WindowsPowerShell\v1.0\;C:\WINDOWS\system32\config\systemprofile\.dnx\bin;C:\Program Files\Microsoft DNX\Dnvm\;C:\Program Files\Microsoft SQL Server\120\Tools\Binn\;C:\Program Files\Microsoft SQL Server\130\Tools\Binn\;C:\Program Files (x86)\Windows Kits\8.1\Windows Performance Toolkit\;C:\Program Files\MiKTeX 2.9\miktex\bin\x64\;G:\Programas\MikTex\miktex\bin\x64\;G:\Programas\Matlab\runtime\win64;G:\Programas\Matlab\bin;C:\Users\dmrgo\.dnx\bin;C:\Users\dmrgo\AppData\Local\atom\bin;C:\Users\dmrgo\AppData\Local\Microsoft\WindowsApps;C:\Program Files\MongoDB\Server\3.2\bin\;C:\Users\dmrgo\Desktop\putty.exe;C:\Program Files\Java\jdk1.8.0_101\bin;G:\Programas\Nmap
USERNAME=dmrg
OS=Windows_NT
PROCESSOR_IDENTIFIER=Intel64 Family 6 Model 69 Stepping 1, GenuineIntel



---------------  S Y S T E M  ---------------

OS: Windows 10.0 , 64 bit Build 14393 (10.0.14393.0)

CPU:total 4 (2 cores per cpu, 2 threads per core) family 6 model 69 stepping 1, cmov, cx8, fxsr, mmx, sse, sse2, sse3, ssse3, sse4.1, sse4.2, popcnt, avx, avx2, aes, clmul, erms, lzcnt, ht, tsc, tscinvbit, bmi1, bmi2

Memory: 4k page, physical 8269284k(4334452k free), swap 9580004k(4607300k free)

vm_info: Java HotSpot(TM) 64-Bit Server VM (25.101-b13) for windows-amd64 JRE (1.8.0_101-b13), built on Jun 22 2016 01:21:29 by "java_re" with MS VC++ 10.0 (VS2010)

time: Tue Mar 28 14:38:43 2017
elapsed time: 34 seconds (0d 0h 0m 34s)

